<?xml version="1.0" encoding="UTF-8" standalone="no"?>
<testsuite failures="0" name="cucumber.runtime.formatter.JUnitFormatter" skipped="0" tests="3" time="18.749394">
<testcase classname="To validate the login functionality of facebook app" name="To validate login functionality with invalid data" time="7.817506">
<system-out><![CDATA[Given The user should be in facebook page...................................passed
When The user has to fill username and password.............................passed
And Click the login button..................................................passed
Then user should be in invalid page.........................................passed
]]></system-out>
</testcase>
<testcase classname="To validate the login functionality of facebook app" name="To validate the registration functionality" time="5.857964">
<system-out><![CDATA[Given The user should be in facebook page...................................passed
When The user has to fill firstname and lastname............................passed
And The user should click the signup button.................................passed
Then The user successfully registered.......................................passed
]]></system-out>
</testcase>
<testcase classname="To validate the login functionality of facebook app" name="To validate login functionality1 with invalid data" time="5.073924">
<system-out><![CDATA[Given The user should be in facebook page...................................passed
When The user has to fill username "vijay" and password "1234"..............passed
Then user should be in invalid page again...................................passed
]]></system-out>
</testcase>
</testsuite>
